1778424882.8482897 200 0.0031900405883789062
1778424912.8567002 200 0.0071201324462890625
1778424942.8640552 200 0.005869150161743164
1778424972.8715332 200 0.005443096160888672
1778425002.8787394 200 0.00601959228515625
1778425032.8858755 200 0.005085468292236328
1778425062.8904858 200 0.0038552284240722656
1778425092.8986795 200 0.007078409194946289
1778425122.9058282 200 0.0055217742919921875
1778425152.9175045 200 0.007372617721557617
1778425182.924217 200 0.005545854568481445
1778425212.9319074 200 0.0062596797943115234
1778425242.939532 200 0.0054433345794677734
1778425272.9481227 200 0.0070514678955078125
1778425302.955303 200 0.005864858627319336
1778425332.9626665 200 0.006119251251220703
1778425362.9687662 200 0.0048367977142333984
1778425392.9755073 200 0.005408048629760742
1778425422.97843 200 0.0022864341735839844
1778425452.9853776 200 0.005681514739990234
1778425482.9885104 200 0.002366781234741211
